15:55:02,428 (main) ERROR [uniandes.isis2304.alohandes.persistencia.PersistenciaAlohandes] - Exception : Cannot call executeResultList method when query has result unset. Call executeList instead.

15:55:45,435 (main) ERROR [uniandes.isis2304.alohandes.persistencia.PersistenciaAlohandes] - Exception : Cannot call executeResultList method when query has result unset. Call executeList instead.

17:02:39,820 (main) ERROR [uniandes.isis2304.alohandes.persistencia.PersistenciaAlohandes] - Exception : Error con la ejecucion de Query de SQL "SELECT * FROM DINERO_RECIBIDO WHERE anhio=2023".
ORA-00942: la tabla o vista no existe

17:03:42,390 (main) ERROR [uniandes.isis2304.alohandes.persistencia.PersistenciaAlohandes] - Exception : Error con la ejecucion de Query de SQL "SELECT idalohamiento, COUNT(*) FROM DINERORECIBIDO GROUP BY idalohamiento ORDER BY COUNT(*) DESC".
ORA-00904: "IDALOHAMIENTO": identificador no válido

17:23:58,040 (main) ERROR [uniandes.isis2304.alohandes.persistencia.PersistenciaAlohandes] - Exception : class [Ljava.lang.Object; cannot be cast to class java.lang.Long ([Ljava.lang.Object; and java.lang.Long are in module java.base of loader 'bootstrap')

17:24:15,715 (main) ERROR [uniandes.isis2304.alohandes.persistencia.PersistenciaAlohandes] - Exception : class [Ljava.lang.Object; cannot be cast to class java.lang.Long ([Ljava.lang.Object; and java.lang.Long are in module java.base of loader 'bootstrap')

17:28:31,547 (main) ERROR [uniandes.isis2304.alohandes.persistencia.PersistenciaAlohandes] - Exception : class [Ljava.lang.Object; cannot be cast to class uniandes.isis2304.alohandes.negocio.ListaDinero ([Ljava.lang.Object; is in module java.base of loader 'bootstrap'; uniandes.isis2304.alohandes.negocio.ListaDinero is in unnamed module of loader 'app')

17:33:03,463 (main) ERROR [uniandes.isis2304.alohandes.persistencia.PersistenciaAlohandes] - Exception : Cannot invoke "uniandes.isis2304.alohandes.negocio.ListaDinero.getIdAlohamiento()" because "id" is null

17:33:51,572 (main) ERROR [uniandes.isis2304.alohandes.persistencia.PersistenciaAlohandes] - Exception : Cannot invoke "uniandes.isis2304.alohandes.negocio.ListaDinero.toString()" because "id" is null

17:38:08,290 (main) ERROR [uniandes.isis2304.alohandes.persistencia.PersistenciaAlohandes] - Exception : Cannot invoke "uniandes.isis2304.alohandes.negocio.ListaDinero.toString()" because "proveedor" is null

17:39:16,746 (main) ERROR [uniandes.isis2304.alohandes.persistencia.PersistenciaAlohandes] - Exception : Cannot invoke "uniandes.isis2304.alohandes.negocio.ListaDinero.toString()" because "proveedor" is null

17:44:13,363 (main) ERROR [uniandes.isis2304.alohandes.persistencia.PersistenciaAlohandes] - Exception : El Query tenia que devolver objetos de tipo "uniandes.isis2304.alohandes.negocio.ListaDinero" pero era imposible crear nueva instancia de este tipo! La clase de resultado necesita un constructor sin argumentos.

11:52:25,462 (AWT-EventQueue-0) ERROR [uniandes.isis2304.alohandes.persistencia.PersistenciaAlohandes] - Exception : Error con la ejecucion de Query de SQL "SELECT COUNT(*) AS cantidad_reservas, SUM(dinero_costo) AS total_gastado FROM reserva WHERE idusuario = 1".
ORA-00904: "DINERO_COSTO": identificador no válido

11:52:29,850 (AWT-EventQueue-0) ERROR [uniandes.isis2304.alohandes.persistencia.PersistenciaAlohandes] - Exception : Error con la ejecucion de Query de SQL "SELECT COUNT(*) AS cantidad_reservas, SUM(dinero_costo) AS total_gastado FROM reserva WHERE idusuario = 2".
ORA-00904: "DINERO_COSTO": identificador no válido

11:52:30,637 (AWT-EventQueue-0) ERROR [uniandes.isis2304.alohandes.persistencia.PersistenciaAlohandes] - Exception : Error con la ejecucion de Query de SQL "SELECT COUNT(*) AS cantidad_reservas, SUM(dinero_costo) AS total_gastado FROM reserva WHERE idusuario = 2".
ORA-00904: "DINERO_COSTO": identificador no válido

11:52:33,123 (AWT-EventQueue-0) ERROR [uniandes.isis2304.alohandes.persistencia.PersistenciaAlohandes] - Exception : Error con la ejecucion de Query de SQL "SELECT COUNT(*) AS cantidad_reservas, SUM(dinero_costo) AS total_gastado FROM reserva WHERE idusuario = 3".
ORA-00904: "DINERO_COSTO": identificador no válido

11:56:27,958 (AWT-EventQueue-0) ERROR [uniandes.isis2304.alohandes.persistencia.PersistenciaAlohandes] - Exception : Cannot invoke "uniandes.isis2304.alohandes.negocio.UsoAlohandes.toString()" because "element" is null

12:00:05,277 (AWT-EventQueue-0) ERROR [uniandes.isis2304.alohandes.persistencia.PersistenciaAlohandes] - Exception : class org.datanucleus.store.rdbms.query.ForwardQueryResult cannot be cast to class uniandes.isis2304.alohandes.negocio.UsoAlohandes (org.datanucleus.store.rdbms.query.ForwardQueryResult and uniandes.isis2304.alohandes.negocio.UsoAlohandes are in unnamed module of loader 'app')

12:00:37,250 (AWT-EventQueue-0) ERROR [uniandes.isis2304.alohandes.persistencia.PersistenciaAlohandes] - Exception : class org.datanucleus.store.rdbms.query.ForwardQueryResult cannot be cast to class uniandes.isis2304.alohandes.negocio.UsoAlohandes (org.datanucleus.store.rdbms.query.ForwardQueryResult and uniandes.isis2304.alohandes.negocio.UsoAlohandes are in unnamed module of loader 'app')

12:02:53,538 (AWT-EventQueue-0) ERROR [uniandes.isis2304.alohandes.persistencia.PersistenciaAlohandes] - Exception : Cannot invoke "uniandes.isis2304.alohandes.negocio.UsoAlohandes.toString()" because "element" is null

12:05:04,288 (AWT-EventQueue-0) ERROR [uniandes.isis2304.alohandes.persistencia.PersistenciaAlohandes] - Exception : Cannot invoke "uniandes.isis2304.alohandes.negocio.UsoAlohandes.toString()" because "element" is null

12:10:38,434 (AWT-EventQueue-0) ERROR [uniandes.isis2304.alohandes.persistencia.PersistenciaAlohandes] - Exception : Cannot invoke "uniandes.isis2304.alohandes.negocio.UsoAlohandes.toString()" because "element" is null

12:12:59,678 (AWT-EventQueue-0) ERROR [uniandes.isis2304.alohandes.persistencia.PersistenciaAlohandes] - Exception : Cannot invoke "uniandes.isis2304.alohandes.negocio.UsoAlohandes.toString()" because "element" is null

14:03:00,730 (AWT-EventQueue-0) ERROR [uniandes.isis2304.alohandes.persistencia.PersistenciaAlohandes] - Exception : Error con la ejecucion de Query de SQL "SELECT fecha, COUNT(*) AS cantidad_reservas, SUM(precio) AS ingresos FROM reserva WHERE TO_DATE(fecha, 'yyyy-mm-dd') >= ADD_MONTHS(SYSDATE, -1) GROUP BY fecha ORDER BY cantidad_reservas DESC, ingresos DESC".
ORA-01830: la máscara de formato de fecha termina antes de convertir toda la cadena de entrada

14:03:02,432 (AWT-EventQueue-0) ERROR [uniandes.isis2304.alohandes.persistencia.PersistenciaAlohandes] - Exception : Error con la ejecucion de Query de SQL "SELECT fecha, COUNT(*) AS cantidad_reservas, SUM(precio) AS ingresos FROM reserva WHERE TO_DATE(fecha, 'yyyy-mm-dd') >= ADD_MONTHS(SYSDATE, -1) GROUP BY fecha ORDER BY cantidad_reservas DESC, ingresos DESC".
ORA-01830: la máscara de formato de fecha termina antes de convertir toda la cadena de entrada

14:05:05,980 (AWT-EventQueue-0) ERROR [uniandes.isis2304.alohandes.persistencia.PersistenciaAlohandes] - Exception : Error con la ejecucion de Query de SQL "SELECT fecha, COUNT(*) AS cantidad_reservas, SUM(precio) AS ingresos FROM reserva WHERE TO_DATE(fecha, 'yyyy-mm-dd') >= ADD_MONTHS(SYSDATE, -1) GROUP BY fecha ORDER BY cantidad_reservas DESC, ingresos DESC".
ORA-01830: la máscara de formato de fecha termina antes de convertir toda la cadena de entrada

14:05:07,977 (AWT-EventQueue-0) ERROR [uniandes.isis2304.alohandes.persistencia.PersistenciaAlohandes] - Exception : Error con la ejecucion de Query de SQL "SELECT fecha, COUNT(*) AS cantidad_reservas, SUM(precio) AS ingresos FROM reserva WHERE TO_DATE(fecha, 'yyyy-mm-dd') >= ADD_MONTHS(SYSDATE, -1) GROUP BY fecha ORDER BY cantidad_reservas DESC, ingresos DESC".
ORA-01830: la máscara de formato de fecha termina antes de convertir toda la cadena de entrada

14:15:00,519 (AWT-EventQueue-0) ERROR [uniandes.isis2304.alohandes.persistencia.PersistenciaAlohandes] - Exception : Cannot call executeXXX method when query has result set to fecha, COUNT(*) AS cantidad_reservas, SUM(precio) AS ingresos. Use executeResultList() instead

14:17:28,791 (AWT-EventQueue-0) ERROR [uniandes.isis2304.alohandes.persistencia.PersistenciaAlohandes] - Exception : Error con la ejecucion de Query de SQL "SELECT fecha, COUNT(*), SUM(precio) FROM reserva WHERE TO_DATE(fecha, 'yyyy-mm-dd') >= ADD_MONTHS(SYSDATE, -1) GROUP BY fecha ORDER BY COUNT(*) DESC, SUM(precio) DESC".
ORA-01830: la máscara de formato de fecha termina antes de convertir toda la cadena de entrada

14:22:31,378 (AWT-EventQueue-0) ERROR [uniandes.isis2304.alohandes.persistencia.PersistenciaAlohandes] - Exception : Cannot invoke "uniandes.isis2304.alohandes.negocio.OfertasPopulares.toString()" because "element" is null

14:23:31,175 (AWT-EventQueue-0) ERROR [uniandes.isis2304.alohandes.persistencia.PersistenciaAlohandes] - Exception : Cannot invoke "uniandes.isis2304.alohandes.negocio.OfertasPopulares.toString()" because "element" is null

14:46:31,997 (AWT-EventQueue-0) ERROR [uniandes.isis2304.alohandes.persistencia.PersistenciaAlohandes] - Exception : Cannot invoke "Object.toString()" because "element" is null

14:48:48,696 (AWT-EventQueue-0) ERROR [uniandes.isis2304.alohandes.persistencia.PersistenciaAlohandes] - Exception : Cannot invoke "Object.toString()" because "element" is null

14:54:28,688 (AWT-EventQueue-0) ERROR [uniandes.isis2304.alohandes.persistencia.PersistenciaAlohandes] - Exception : class java.math.BigDecimal cannot be cast to class java.lang.Long (java.math.BigDecimal and java.lang.Long are in module java.base of loader 'bootstrap')

19:15:17,807 (AWT-EventQueue-0) ERROR [uniandes.isis2304.alohandes.persistencia.PersistenciaAlohandes] - Exception : Cannot invoke "Object.toString()" because "element" is null

19:22:31,669 (AWT-EventQueue-0) ERROR [uniandes.isis2304.alohandes.persistencia.PersistenciaAlohandes] - Exception : Cannot invoke "Object.toString()" because "element" is null

19:24:08,969 (AWT-EventQueue-0) ERROR [uniandes.isis2304.alohandes.persistencia.PersistenciaAlohandes] - Exception : Cannot invoke "uniandes.isis2304.alohandes.negocio.OfertasPopulares.toString()" because "element" is null

19:29:29,749 (AWT-EventQueue-0) ERROR [uniandes.isis2304.alohandes.persistencia.PersistenciaAlohandes] - Exception : Cannot invoke "uniandes.isis2304.alohandes.negocio.OfertasPopulares.toString()" because "element" is null

19:32:16,121 (AWT-EventQueue-0) ERROR [uniandes.isis2304.alohandes.persistencia.PersistenciaAlohandes] - Exception : Cannot invoke "uniandes.isis2304.alohandes.negocio.OfertasPopulares.toString()" because "element" is null

20:18:12,235 (AWT-EventQueue-0) ERROR [uniandes.isis2304.alohandes.persistencia.PersistenciaAlohandes] - Exception : Cannot invoke "java.lang.Number.intValue()" because "result[1]" is null

14:20:57,347 (AWT-EventQueue-0) ERROR [uniandes.isis2304.alohandes.persistencia.PersistenciaAlohandes] - Exception : Error con la ejecucion de Query de SQL "UPDATE alohandes_sequence SET estado = '?' WHERE id = ?".
Índice de columna no válido
14:21:15,666 (AWT-EventQueue-0) ERROR [uniandes.isis2304.alohandes.persistencia.PersistenciaAlohandes] - Exception : Error con la ejecucion de Query de SQL "UPDATE alohandes_sequence SET estado = '?' WHERE id = ?".
Índice de columna no válido
14:21:15,836 (AWT-EventQueue-0) ERROR [uniandes.isis2304.alohandes.persistencia.PersistenciaAlohandes] - Exception : Error con la ejecucion de Query de SQL "UPDATE alohandes_sequence SET estado = '?' WHERE id = ?".
Índice de columna no válido
14:21:15,987 (AWT-EventQueue-0) ERROR [uniandes.isis2304.alohandes.persistencia.PersistenciaAlohandes] - Exception : Error con la ejecucion de Query de SQL "UPDATE alohandes_sequence SET estado = '?' WHERE id = ?".
Índice de columna no válido
14:21:16,138 (AWT-EventQueue-0) ERROR [uniandes.isis2304.alohandes.persistencia.PersistenciaAlohandes] - Exception : Error con la ejecucion de Query de SQL "UPDATE alohandes_sequence SET estado = '?' WHERE id = ?".
Índice de columna no válido
14:21:27,977 (AWT-EventQueue-0) ERROR [uniandes.isis2304.alohandes.persistencia.PersistenciaAlohandes] - Exception : Error con la ejecucion de Query de SQL "UPDATE alohandes_sequence SET estado = '?' WHERE id = ?".
Índice de columna no válido
14:22:57,309 (AWT-EventQueue-0) ERROR [uniandes.isis2304.alohandes.persistencia.PersistenciaAlohandes] - Exception : Error con la ejecucion de Query de SQL "UPDATE ALOHAMIENTO SET estado = '?' WHERE id = ?".
Índice de columna no válido
11:40:31,437 (AWT-EventQueue-0) ERROR [uniandes.isis2304.alohandes.persistencia.PersistenciaAlohandes] - Exception : Error con la ejecucion de Query de SQL "SELECT semana, MAX(alojamiento_reservas) AS alojamiento_max_reservas, MIN(alojamiento_reservas) AS alojamiento_min_reservas FROM (SELECT semana, idalohamiento AS alojamiento_reservas, ROW_NUMBER() OVER (PARTITION BY semana ORDER BY contador_reservas DESC) AS rn_max, ROW_NUMBER() OVER (PARTITION BY semana ORDER BY contador_reservas ASC) AS rn_min FROM (SELECT TO_CHAR(r.fecha, 'IW') AS semana, r.idalohamiento, COUNT(*) AS contador_reservas FROM RESERVA r GROUP BY TO_CHAR(r.fecha, 'IW'), r.idalohamiento) r) WHERE rn_max = 1 OR rn_min = 1 GROUP BY semana;".
ORA-00933: comando SQL no terminado correctamente

11:55:44,105 (AWT-EventQueue-0) ERROR [uniandes.isis2304.alohandes.persistencia.PersistenciaAlohandes] - Exception : Error con la ejecucion de Query de SQL "WITH meses AS (SELECT ADD_MONTHS(TO_DATE('01/01/2023', 'DD/MM/YYYY'), LEVEL - 1) AS fecha FROM DUAL CONNECT BY LEVEL <= MONTHS_BETWEEN(TRUNC(SYSDATE, 'MM'), TO_DATE('01/01/2023', 'DD/MM/YYYY')) + 1) SELECT u.* FROM USUARIO u WHERE (SELECT COUNT(DISTINCT EXTRACT(MONTH FROM r.fecha)) FROM meses m LEFT JOIN RESERVA r ON u.id = r.idusuario AND TRUNC(r.fecha, 'MM') = TRUNC(m.fecha, 'MM') WHERE r.idusuario IS NOT NULL) = (SELECT COUNT(*) FROM meses);".
ORA-00933: comando SQL no terminado correctamente

11:56:39,902 (AWT-EventQueue-0) ERROR [uniandes.isis2304.alohandes.persistencia.PersistenciaAlohandes] - Exception : class java.lang.Boolean cannot be cast to class java.util.List (java.lang.Boolean and java.util.List are in module java.base of loader 'bootstrap')

12:05:50,546 (AWT-EventQueue-0) ERROR [uniandes.isis2304.alohandes.persistencia.PersistenciaAlohandes] - Exception : class java.lang.Boolean cannot be cast to class java.util.List (java.lang.Boolean and java.util.List are in module java.base of loader 'bootstrap')

12:13:22,331 (AWT-EventQueue-0) ERROR [uniandes.isis2304.alohandes.persistencia.PersistenciaAlohandes] - Exception : class java.lang.Boolean cannot be cast to class java.util.List (java.lang.Boolean and java.util.List are in module java.base of loader 'bootstrap')

12:24:04,278 (AWT-EventQueue-0) ERROR [uniandes.isis2304.alohandes.persistencia.PersistenciaAlohandes] - Exception : class java.lang.Boolean cannot be cast to class java.util.List (java.lang.Boolean and java.util.List are in module java.base of loader 'bootstrap')

12:25:06,652 (AWT-EventQueue-0) ERROR [uniandes.isis2304.alohandes.persistencia.PersistenciaAlohandes] - Exception : class java.lang.Boolean cannot be cast to class java.util.List (java.lang.Boolean and java.util.List are in module java.base of loader 'bootstrap')

14:37:00,603 (AWT-EventQueue-0) ERROR [uniandes.isis2304.alohandes.persistencia.PersistenciaAlohandes] - Exception : class java.lang.Boolean cannot be cast to class java.util.List (java.lang.Boolean and java.util.List are in module java.base of loader 'bootstrap')

